<?xml version="1.0" encoding="UTF-8"?>
<testng-results skipped="0" failed="1" ignored="0" total="1" passed="0">
  <reporter-output>
    <line>
      <![CDATA[Helloooooooo]]>
    </line>
    <line>
      <![CDATA[Test:testA is Pass ]]>
    </line>
    <line>
      <![CDATA[TestName:testA Status:FAIL]]>
    </line>
    <line>
      <![CDATA[PHOTO:./photo/Tue Nov 13 23_39_46 IST 2018.png]]>
    </line>
  </reporter-output>
  <suite name="Suite" duration-ms="10110" started-at="2018-11-13T18:09:36Z" finished-at="2018-11-13T18:09:46Z">
    <groups>
      <group name="smoke">
        <method signature="OrangeTC1.testA()[pri:1, instance:Script.OrangeTC1@197c004]" name="testA" class="Script.OrangeTC1"/>
      </group> <!-- smoke -->
    </groups>
    <test name="Test" duration-ms="10110" started-at="2018-11-13T18:09:36Z" finished-at="2018-11-13T18:09:46Z">
      <class name="Script.OrangeTC1">
        <test-method status="PASS" signature="openApp(java.lang.String, java.lang.String)[pri:0, instance:Script.OrangeTC1@197c004]" name="openApp" is-config="true" duration-ms="3775" started-at="2018-11-13T18:09:36Z" finished-at="2018-11-13T18:09:40Z">
          <params>
            <param index="0">
              <value>
                <![CDATA[localhost]]>
              </value>
            </param>
            <param index="1">
              <value>
                <![CDATA[chrome]]>
              </value>
            </param>
          </params>
          <reporter-output>
          </reporter-output>
        </test-method> <!-- openApp -->
        <test-method status="FAIL" signature="testA()[pri:1, instance:Script.OrangeTC1@197c004]" name="testA" duration-ms="6067" started-at="2018-11-13T18:09:40Z" finished-at="2018-11-13T18:09:46Z">
          <exception class="org.openqa.selenium.support.ui.UnexpectedTagNameException">
            <message>
              <![CDATA[Element should have been "select" but was "option"
Build info: version: '3.141.5', revision: 'd54ebd709a', time: '2018-11-06T11:42:16'
System info: host: 'MEGE-PC', ip: '10.0.2.15', os.name: 'Windows 7', os.arch: 'x86', os.version: '6.1', java.version: '1.8.0_161'
Driver info: driver.version: unknown]]>
            </message>
            <full-stacktrace>
              <![CDATA[org.openqa.selenium.support.ui.UnexpectedTagNameException: Element should have been "select" but was "option"
Build info: version: '3.141.5', revision: 'd54ebd709a', time: '2018-11-06T11:42:16'
System info: host: 'MEGE-PC', ip: '10.0.2.15', os.name: 'Windows 7', os.arch: 'x86', os.version: '6.1', java.version: '1.8.0_161'
Driver info: driver.version: unknown
at org.openqa.selenium.support.ui.Select.<init>(Select.java:47)
at Script.OrangeTC1.testA(OrangeTC1.java:71)
at sun.reflect.NativeMethodAccessorImpl.invoke0(Native Method)
at sun.reflect.NativeMethodAccessorImpl.invoke(NativeMethodAccessorImpl.java:62)
at sun.reflect.DelegatingMethodAccessorImpl.invoke(DelegatingMethodAccessorImpl.java:43)
at java.lang.reflect.Method.invoke(Method.java:498)
at org.testng.internal.MethodInvocationHelper.invokeMethod(MethodInvocationHelper.java:124)
at org.testng.internal.Invoker.invokeMethod(Invoker.java:580)
at org.testng.internal.Invoker.invokeTestMethod(Invoker.java:716)
at org.testng.internal.Invoker.invokeTestMethods(Invoker.java:988)
at org.testng.internal.TestMethodWorker.invokeTestMethods(TestMethodWorker.java:125)
at org.testng.internal.TestMethodWorker.run(TestMethodWorker.java:109)
at org.testng.TestRunner.privateRun(TestRunner.java:648)
at org.testng.TestRunner.run(TestRunner.java:505)
at org.testng.SuiteRunner.runTest(SuiteRunner.java:455)
at org.testng.SuiteRunner.runSequentially(SuiteRunner.java:450)
at org.testng.SuiteRunner.privateRun(SuiteRunner.java:415)
at org.testng.SuiteRunner.run(SuiteRunner.java:364)
at org.testng.SuiteRunnerWorker.runSuite(SuiteRunnerWorker.java:52)
at org.testng.SuiteRunnerWorker.run(SuiteRunnerWorker.java:84)
at org.testng.TestNG.runSuitesSequentially(TestNG.java:1208)
at org.testng.TestNG.runSuitesLocally(TestNG.java:1137)
at org.testng.TestNG.runSuites(TestNG.java:1049)
at org.testng.TestNG.run(TestNG.java:1017)
at org.apache.maven.surefire.testng.TestNGExecutor.run(TestNGExecutor.java:283)
at org.apache.maven.surefire.testng.TestNGXmlTestSuite.execute(TestNGXmlTestSuite.java:75)
at org.apache.maven.surefire.testng.TestNGProvider.invoke(TestNGProvider.java:120)
at org.apache.maven.surefire.booter.ForkedBooter.invokeProviderInSameClassLoader(ForkedBooter.java:383)
at org.apache.maven.surefire.booter.ForkedBooter.runSuitesInProcess(ForkedBooter.java:344)
at org.apache.maven.surefire.booter.ForkedBooter.execute(ForkedBooter.java:125)
at org.apache.maven.surefire.booter.ForkedBooter.main(ForkedBooter.java:417)
]]>
            </full-stacktrace>
          </exception> <!-- org.openqa.selenium.support.ui.UnexpectedTagNameException -->
          <reporter-output>
            <line>
              <![CDATA[Helloooooooo]]>
            </line>
            <line>
              <![CDATA[Test:testA is Pass ]]>
            </line>
          </reporter-output>
        </test-method> <!-- testA -->
        <test-method status="PASS" signature="closeApp(org.testng.ITestResult)[pri:0, instance:Script.OrangeTC1@197c004]" name="closeApp" is-config="true" duration-ms="232" started-at="2018-11-13T18:09:46Z" finished-at="2018-11-13T18:09:46Z">
          <params>
            <param index="0">
              <value>
                <![CDATA[[TestResult name=testA status=FAILURE method=OrangeTC1.testA()[pri:1, instance:Script.OrangeTC1@197c004] output=Helloooooooo]]]>
              </value>
            </param>
          </params>
          <reporter-output>
            <line>
              <![CDATA[TestName:testA Status:FAIL]]>
            </line>
            <line>
              <![CDATA[PHOTO:./photo/Tue Nov 13 23_39_46 IST 2018.png]]>
            </line>
          </reporter-output>
        </test-method> <!-- closeApp -->
      </class> <!-- Script.OrangeTC1 -->
    </test> <!-- Test -->
  </suite> <!-- Suite -->
</testng-results>
